{"/home/noah/dev/v-trim/src/parse.ts": {"path":"/home/noah/dev/v-trim/src/parse.ts","statementMap":{"0":{"start":{"line":6,"column":17},"end":{"line":6,"column":30}},"1":{"start":{"line":10,"column":32},"end":{"line":37,"column":1}},"2":{"start":{"line":11,"column":18},"end":{"line":11,"column":31}},"3":{"start":{"line":12,"column":2},"end":{"line":14,"column":3}},"4":{"start":{"line":13,"column":4},"end":{"line":13,"column":49}},"5":{"start":{"line":16,"column":14},"end":{"line":16,"column":41}},"6":{"start":{"line":18,"column":2},"end":{"line":36,"column":5}},"7":{"start":{"line":19,"column":24},"end":{"line":19,"column":43}},"8":{"start":{"line":21,"column":14},"end":{"line":21,"column":35}},"9":{"start":{"line":22,"column":4},"end":{"line":25,"column":5}},"10":{"start":{"line":23,"column":22},"end":{"line":23,"column":45}},"11":{"start":{"line":24,"column":6},"end":{"line":24,"column":68}},"12":{"start":{"line":27,"column":4},"end":{"line":29,"column":5}},"13":{"start":{"line":28,"column":6},"end":{"line":28,"column":29}},"14":{"start":{"line":31,"column":4},"end":{"line":35,"column":6}},"15":{"start":{"line":45,"column":21},"end":{"line":86,"column":1}},"16":{"start":{"line":46,"column":33},"end":{"line":46,"column":35}},"17":{"start":{"line":47,"column":30},"end":{"line":47,"column":34}},"18":{"start":{"line":49,"column":2},"end":{"line":83,"column":3}},"19":{"start":{"line":50,"column":19},"end":{"line":50,"column":36}},"20":{"start":{"line":51,"column":4},"end":{"line":82,"column":5}},"21":{"start":{"line":54,"column":24},"end":{"line":54,"column":44}},"22":{"start":{"line":55,"column":8},"end":{"line":57,"column":9}},"23":{"start":{"line":56,"column":10},"end":{"line":56,"column":84}},"24":{"start":{"line":58,"column":8},"end":{"line":58,"column":36}},"25":{"start":{"line":59,"column":8},"end":{"line":59,"column":14}},"26":{"start":{"line":62,"column":25},"end":{"line":62,"column":46}},"27":{"start":{"line":63,"column":8},"end":{"line":65,"column":9}},"28":{"start":{"line":64,"column":10},"end":{"line":64,"column":86}},"29":{"start":{"line":66,"column":8},"end":{"line":66,"column":37}},"30":{"start":{"line":67,"column":8},"end":{"line":67,"column":14}},"31":{"start":{"line":69,"column":26},"end":{"line":69,"column":48}},"32":{"start":{"line":70,"column":8},"end":{"line":72,"column":9}},"33":{"start":{"line":71,"column":10},"end":{"line":71,"column":84}},"34":{"start":{"line":73,"column":8},"end":{"line":73,"column":38}},"35":{"start":{"line":74,"column":8},"end":{"line":74,"column":14}},"36":{"start":{"line":76,"column":8},"end":{"line":81,"column":9}},"37":{"start":{"line":77,"column":10},"end":{"line":77,"column":36}},"38":{"start":{"line":79,"column":10},"end":{"line":79,"column":68}},"39":{"start":{"line":80,"column":10},"end":{"line":80,"column":26}},"40":{"start":{"line":85,"column":2},"end":{"line":85,"column":33}}},"fnMap":{"0":{"name":"(anonymous_0)","decl":{"start":{"line":10,"column":32},"end":{"line":10,"column":33}},"loc":{"start":{"line":10,"column":65},"end":{"line":37,"column":1}},"line":10},"1":{"name":"(anonymous_1)","decl":{"start":{"line":18,"column":37},"end":{"line":18,"column":38}},"loc":{"start":{"line":18,"column":62},"end":{"line":36,"column":3}},"line":18},"2":{"name":"(anonymous_2)","decl":{"start":{"line":45,"column":21},"end":{"line":45,"column":22}},"loc":{"start":{"line":45,"column":65},"end":{"line":86,"column":1}},"line":45}},"branchMap":{"0":{"loc":{"start":{"line":12,"column":2},"end":{"line":14,"column":3}},"type":"if","locations":[{"start":{"line":12,"column":2},"end":{"line":14,"column":3}},{"start":{"line":12,"column":2},"end":{"line":14,"column":3}}],"line":12},"1":{"loc":{"start":{"line":12,"column":6},"end":{"line":12,"column":44}},"type":"binary-expr","locations":[{"start":{"line":12,"column":6},"end":{"line":12,"column":27}},{"start":{"line":12,"column":31},"end":{"line":12,"column":44}}],"line":12},"2":{"loc":{"start":{"line":22,"column":4},"end":{"line":25,"column":5}},"type":"if","locations":[{"start":{"line":22,"column":4},"end":{"line":25,"column":5}},{"start":{"line":22,"column":4},"end":{"line":25,"column":5}}],"line":22},"3":{"loc":{"start":{"line":22,"column":8},"end":{"line":22,"column":17}},"type":"binary-expr","locations":[{"start":{"line":22,"column":8},"end":{"line":22,"column":9}},{"start":{"line":22,"column":13},"end":{"line":22,"column":17}}],"line":22},"4":{"loc":{"start":{"line":27,"column":4},"end":{"line":29,"column":5}},"type":"if","locations":[{"start":{"line":27,"column":4},"end":{"line":29,"column":5}},{"start":{"line":27,"column":4},"end":{"line":29,"column":5}}],"line":27},"5":{"loc":{"start":{"line":51,"column":4},"end":{"line":82,"column":5}},"type":"switch","locations":[{"start":{"line":52,"column":6},"end":{"line":52,"column":16}},{"start":{"line":53,"column":6},"end":{"line":59,"column":14}},{"start":{"line":60,"column":6},"end":{"line":60,"column":16}},{"start":{"line":61,"column":6},"end":{"line":67,"column":14}},{"start":{"line":68,"column":6},"end":{"line":74,"column":14}},{"start":{"line":75,"column":6},"end":{"line":81,"column":9}}],"line":51},"6":{"loc":{"start":{"line":55,"column":8},"end":{"line":57,"column":9}},"type":"if","locations":[{"start":{"line":55,"column":8},"end":{"line":57,"column":9}},{"start":{"line":55,"column":8},"end":{"line":57,"column":9}}],"line":55},"7":{"loc":{"start":{"line":63,"column":8},"end":{"line":65,"column":9}},"type":"if","locations":[{"start":{"line":63,"column":8},"end":{"line":65,"column":9}},{"start":{"line":63,"column":8},"end":{"line":65,"column":9}}],"line":63},"8":{"loc":{"start":{"line":70,"column":8},"end":{"line":72,"column":9}},"type":"if","locations":[{"start":{"line":70,"column":8},"end":{"line":72,"column":9}},{"start":{"line":70,"column":8},"end":{"line":72,"column":9}}],"line":70},"9":{"loc":{"start":{"line":76,"column":8},"end":{"line":81,"column":9}},"type":"if","locations":[{"start":{"line":76,"column":8},"end":{"line":81,"column":9}},{"start":{"line":76,"column":8},"end":{"line":81,"column":9}}],"line":76}},"s":{"0":1,"1":1,"2":7,"3":7,"4":1,"5":6,"6":6,"7":4,"8":4,"9":4,"10":2,"11":2,"12":4,"13":3,"14":4,"15":1,"16":6,"17":6,"18":6,"19":4,"20":4,"21":3,"22":3,"23":2,"24":1,"25":1,"26":0,"27":0,"28":0,"29":0,"30":0,"31":0,"32":0,"33":0,"34":0,"35":0,"36":1,"37":1,"38":0,"39":0,"40":4},"f":{"0":7,"1":4,"2":6},"b":{"0":[1,6],"1":[7,6],"2":[2,2],"3":[4,2],"4":[3,1],"5":[0,3,0,0,0,1],"6":[2,1],"7":[0,0],"8":[0,0],"9":[1,0]},"_coverageSchema":"1a1c01bbd47fc00a2c39e90264f33305004495a9","hash":"e107a86b5c0ff75fc7dfe4871498b96189a6a9e1"}
,"/home/noah/dev/v-trim/src/plan.ts": {"path":"/home/noah/dev/v-trim/src/plan.ts","statementMap":{"0":{"start":{"line":4,"column":28},"end":{"line":36,"column":1}},"1":{"start":{"line":5,"column":19},"end":{"line":5,"column":56}},"2":{"start":{"line":6,"column":19},"end":{"line":6,"column":56}},"3":{"start":{"line":9,"column":21},"end":{"line":9,"column":60}},"4":{"start":{"line":10,"column":2},"end":{"line":12,"column":3}},"5":{"start":{"line":11,"column":4},"end":{"line":11,"column":33}},"6":{"start":{"line":13,"column":18},"end":{"line":13,"column":34}},"7":{"start":{"line":16,"column":2},"end":{"line":16,"column":34}},"8":{"start":{"line":19,"column":2},"end":{"line":19,"column":23}},"9":{"start":{"line":22,"column":15},"end":{"line":22,"column":42}},"10":{"start":{"line":25,"column":2},"end":{"line":27,"column":3}},"11":{"start":{"line":26,"column":4},"end":{"line":26,"column":43}},"12":{"start":{"line":30,"column":2},"end":{"line":30,"column":27}},"13":{"start":{"line":33,"column":2},"end":{"line":33,"column":23}},"14":{"start":{"line":35,"column":2},"end":{"line":35,"column":49}},"15":{"start":{"line":38,"column":18},"end":{"line":46,"column":1}},"16":{"start":{"line":39,"column":2},"end":{"line":45,"column":5}},"17":{"start":{"line":40,"column":28},"end":{"line":43,"column":5}},"18":{"start":{"line":44,"column":4},"end":{"line":44,"column":22}},"19":{"start":{"line":48,"column":21},"end":{"line":57,"column":1}},"20":{"start":{"line":49,"column":2},"end":{"line":56,"column":5}},"21":{"start":{"line":50,"column":4},"end":{"line":52,"column":5}},"22":{"start":{"line":51,"column":6},"end":{"line":51,"column":24}},"23":{"start":{"line":53,"column":4},"end":{"line":55,"column":5}},"24":{"start":{"line":54,"column":6},"end":{"line":54,"column":29}},"25":{"start":{"line":59,"column":20},"end":{"line":62,"column":1}},"26":{"start":{"line":61,"column":2},"end":{"line":61,"column":43}},"27":{"start":{"line":61,"column":26},"end":{"line":61,"column":41}},"28":{"start":{"line":64,"column":17},"end":{"line":93,"column":1}},"29":{"start":{"line":65,"column":24},"end":{"line":65,"column":26}},"30":{"start":{"line":67,"column":17},"end":{"line":67,"column":18}},"31":{"start":{"line":69,"column":2},"end":{"line":82,"column":3}},"32":{"start":{"line":69,"column":17},"end":{"line":69,"column":18}},"33":{"start":{"line":70,"column":19},"end":{"line":70,"column":31}},"34":{"start":{"line":72,"column":4},"end":{"line":79,"column":5}},"35":{"start":{"line":74,"column":25},"end":{"line":77,"column":7}},"36":{"start":{"line":78,"column":6},"end":{"line":78,"column":21}},"37":{"start":{"line":81,"column":4},"end":{"line":81,"column":32}},"38":{"start":{"line":85,"column":2},"end":{"line":90,"column":3}},"39":{"start":{"line":86,"column":4},"end":{"line":89,"column":7}},"40":{"start":{"line":92,"column":2},"end":{"line":92,"column":14}},"41":{"start":{"line":95,"column":20},"end":{"line":97,"column":1}},"42":{"start":{"line":96,"column":2},"end":{"line":96,"column":56}},"43":{"start":{"line":96,"column":25},"end":{"line":96,"column":54}},"44":{"start":{"line":99,"column":24},"end":{"line":153,"column":1}},"45":{"start":{"line":100,"column":2},"end":{"line":152,"column":3}},"46":{"start":{"line":101,"column":20},"end":{"line":147,"column":6}},"47":{"start":{"line":102,"column":6},"end":{"line":146,"column":7}},"48":{"start":{"line":104,"column":35},"end":{"line":111,"column":11}},"49":{"start":{"line":112,"column":10},"end":{"line":112,"column":35}},"50":{"start":{"line":114,"column":35},"end":{"line":120,"column":11}},"51":{"start":{"line":121,"column":10},"end":{"line":121,"column":34}},"52":{"start":{"line":123,"column":31},"end":{"line":126,"column":11}},"53":{"start":{"line":128,"column":37},"end":{"line":134,"column":11}},"54":{"start":{"line":135,"column":37},"end":{"line":141,"column":11}},"55":{"start":{"line":142,"column":10},"end":{"line":142,"column":42}},"56":{"start":{"line":145,"column":10},"end":{"line":145,"column":73}},"57":{"start":{"line":149,"column":4},"end":{"line":149,"column":23}},"58":{"start":{"line":151,"column":4},"end":{"line":151,"column":27}}},"fnMap":{"0":{"name":"(anonymous_0)","decl":{"start":{"line":4,"column":28},"end":{"line":4,"column":29}},"loc":{"start":{"line":4,"column":91},"end":{"line":36,"column":1}},"line":4},"1":{"name":"(anonymous_1)","decl":{"start":{"line":38,"column":18},"end":{"line":38,"column":19}},"loc":{"start":{"line":38,"column":56},"end":{"line":46,"column":1}},"line":38},"2":{"name":"(anonymous_2)","decl":{"start":{"line":39,"column":15},"end":{"line":39,"column":16}},"loc":{"start":{"line":39,"column":24},"end":{"line":45,"column":3}},"line":39},"3":{"name":"(anonymous_3)","decl":{"start":{"line":48,"column":21},"end":{"line":48,"column":22}},"loc":{"start":{"line":48,"column":62},"end":{"line":57,"column":1}},"line":48},"4":{"name":"(anonymous_4)","decl":{"start":{"line":49,"column":18},"end":{"line":49,"column":19}},"loc":{"start":{"line":49,"column":25},"end":{"line":56,"column":3}},"line":49},"5":{"name":"(anonymous_5)","decl":{"start":{"line":59,"column":20},"end":{"line":59,"column":21}},"loc":{"start":{"line":59,"column":48},"end":{"line":62,"column":1}},"line":59},"6":{"name":"(anonymous_6)","decl":{"start":{"line":61,"column":19},"end":{"line":61,"column":20}},"loc":{"start":{"line":61,"column":26},"end":{"line":61,"column":41}},"line":61},"7":{"name":"(anonymous_7)","decl":{"start":{"line":64,"column":17},"end":{"line":64,"column":18}},"loc":{"start":{"line":64,"column":58},"end":{"line":93,"column":1}},"line":64},"8":{"name":"(anonymous_8)","decl":{"start":{"line":95,"column":20},"end":{"line":95,"column":21}},"loc":{"start":{"line":95,"column":43},"end":{"line":97,"column":1}},"line":95},"9":{"name":"(anonymous_9)","decl":{"start":{"line":96,"column":15},"end":{"line":96,"column":16}},"loc":{"start":{"line":96,"column":25},"end":{"line":96,"column":54}},"line":96},"10":{"name":"(anonymous_10)","decl":{"start":{"line":99,"column":24},"end":{"line":99,"column":25}},"loc":{"start":{"line":99,"column":96},"end":{"line":153,"column":1}},"line":99},"11":{"name":"(anonymous_11)","decl":{"start":{"line":101,"column":36},"end":{"line":101,"column":37}},"loc":{"start":{"line":101,"column":48},"end":{"line":147,"column":5}},"line":101}},"branchMap":{"0":{"loc":{"start":{"line":10,"column":2},"end":{"line":12,"column":3}},"type":"if","locations":[{"start":{"line":10,"column":2},"end":{"line":12,"column":3}},{"start":{"line":10,"column":2},"end":{"line":12,"column":3}}],"line":10},"1":{"loc":{"start":{"line":25,"column":2},"end":{"line":27,"column":3}},"type":"if","locations":[{"start":{"line":25,"column":2},"end":{"line":27,"column":3}},{"start":{"line":25,"column":2},"end":{"line":27,"column":3}}],"line":25},"2":{"loc":{"start":{"line":50,"column":4},"end":{"line":52,"column":5}},"type":"if","locations":[{"start":{"line":50,"column":4},"end":{"line":52,"column":5}},{"start":{"line":50,"column":4},"end":{"line":52,"column":5}}],"line":50},"3":{"loc":{"start":{"line":53,"column":4},"end":{"line":55,"column":5}},"type":"if","locations":[{"start":{"line":53,"column":4},"end":{"line":55,"column":5}},{"start":{"line":53,"column":4},"end":{"line":55,"column":5}}],"line":53},"4":{"loc":{"start":{"line":72,"column":4},"end":{"line":79,"column":5}},"type":"if","locations":[{"start":{"line":72,"column":4},"end":{"line":79,"column":5}},{"start":{"line":72,"column":4},"end":{"line":79,"column":5}}],"line":72},"5":{"loc":{"start":{"line":85,"column":2},"end":{"line":90,"column":3}},"type":"if","locations":[{"start":{"line":85,"column":2},"end":{"line":90,"column":3}},{"start":{"line":85,"column":2},"end":{"line":90,"column":3}}],"line":85},"6":{"loc":{"start":{"line":102,"column":6},"end":{"line":146,"column":7}},"type":"switch","locations":[{"start":{"line":103,"column":8},"end":{"line":112,"column":35}},{"start":{"line":113,"column":8},"end":{"line":121,"column":34}},{"start":{"line":122,"column":8},"end":{"line":142,"column":42}},{"start":{"line":143,"column":8},"end":{"line":145,"column":73}}],"line":102},"7":{"loc":{"start":{"line":107,"column":21},"end":{"line":107,"column":44}},"type":"binary-expr","locations":[{"start":{"line":107,"column":21},"end":{"line":107,"column":39}},{"start":{"line":107,"column":43},"end":{"line":107,"column":44}}],"line":107},"8":{"loc":{"start":{"line":108,"column":19},"end":{"line":108,"column":47}},"type":"binary-expr","locations":[{"start":{"line":108,"column":19},"end":{"line":108,"column":35}},{"start":{"line":108,"column":39},"end":{"line":108,"column":47}}],"line":108},"9":{"loc":{"start":{"line":117,"column":21},"end":{"line":117,"column":44}},"type":"binary-expr","locations":[{"start":{"line":117,"column":21},"end":{"line":117,"column":39}},{"start":{"line":117,"column":43},"end":{"line":117,"column":44}}],"line":117},"10":{"loc":{"start":{"line":118,"column":19},"end":{"line":118,"column":47}},"type":"binary-expr","locations":[{"start":{"line":118,"column":19},"end":{"line":118,"column":35}},{"start":{"line":118,"column":39},"end":{"line":118,"column":47}}],"line":118},"11":{"loc":{"start":{"line":124,"column":19},"end":{"line":124,"column":42}},"type":"binary-expr","locations":[{"start":{"line":124,"column":19},"end":{"line":124,"column":37}},{"start":{"line":124,"column":41},"end":{"line":124,"column":42}}],"line":124},"12":{"loc":{"start":{"line":125,"column":17},"end":{"line":125,"column":45}},"type":"binary-expr","locations":[{"start":{"line":125,"column":17},"end":{"line":125,"column":33}},{"start":{"line":125,"column":37},"end":{"line":125,"column":45}}],"line":125}},"s":{"0":1,"1":4,"2":4,"3":4,"4":4,"5":1,"6":3,"7":3,"8":3,"9":3,"10":3,"11":1,"12":2,"13":2,"14":2,"15":1,"16":2,"17":2,"18":2,"19":1,"20":3,"21":4,"22":0,"23":4,"24":0,"25":1,"26":3,"27":4,"28":1,"29":3,"30":3,"31":3,"32":3,"33":4,"34":4,"35":3,"36":3,"37":4,"38":3,"39":2,"40":3,"41":1,"42":5,"43":6,"44":1,"45":4,"46":4,"47":4,"48":1,"49":1,"50":1,"51":1,"52":1,"53":1,"54":1,"55":1,"56":1,"57":3,"58":1},"f":{"0":4,"1":2,"2":2,"3":3,"4":4,"5":3,"6":4,"7":3,"8":5,"9":6,"10":4,"11":4},"b":{"0":[1,3],"1":[1,2],"2":[0,4],"3":[0,4],"4":[3,1],"5":[2,1],"6":[1,1,1,1],"7":[1,0],"8":[1,0],"9":[1,0],"10":[1,0],"11":[1,0],"12":[1,0]},"_coverageSchema":"1a1c01bbd47fc00a2c39e90264f33305004495a9","hash":"b86cc16be4081c056f0e02516ba8007686ac599c"}
,"/home/noah/dev/v-trim/src/lib/probe.ts": {"path":"/home/noah/dev/v-trim/src/lib/probe.ts","statementMap":{"0":{"start":{"line":4,"column":22},"end":{"line":21,"column":1}},"1":{"start":{"line":5,"column":14},"end":{"line":5,"column":110}},"2":{"start":{"line":7,"column":21},"end":{"line":7,"column":37}},"3":{"start":{"line":8,"column":22},"end":{"line":8,"column":48}},"4":{"start":{"line":10,"column":2},"end":{"line":13,"column":3}},"5":{"start":{"line":11,"column":4},"end":{"line":11,"column":64}},"6":{"start":{"line":12,"column":4},"end":{"line":12,"column":20}},"7":{"start":{"line":15,"column":2},"end":{"line":18,"column":3}},"8":{"start":{"line":16,"column":4},"end":{"line":16,"column":64}},"9":{"start":{"line":17,"column":4},"end":{"line":17,"column":20}},"10":{"start":{"line":20,"column":2},"end":{"line":20,"column":27}},"11":{"start":{"line":23,"column":22},"end":{"line":30,"column":1}},"12":{"start":{"line":24,"column":14},"end":{"line":24,"column":83}},"13":{"start":{"line":26,"column":21},"end":{"line":26,"column":37}},"14":{"start":{"line":27,"column":19},"end":{"line":27,"column":41}},"15":{"start":{"line":29,"column":2},"end":{"line":29,"column":18}},"16":{"start":{"line":32,"column":21},"end":{"line":35,"column":1}}},"fnMap":{"0":{"name":"(anonymous_0)","decl":{"start":{"line":4,"column":22},"end":{"line":4,"column":23}},"loc":{"start":{"line":4,"column":64},"end":{"line":21,"column":1}},"line":4},"1":{"name":"(anonymous_1)","decl":{"start":{"line":23,"column":22},"end":{"line":23,"column":23}},"loc":{"start":{"line":23,"column":65},"end":{"line":30,"column":1}},"line":23}},"branchMap":{"0":{"loc":{"start":{"line":10,"column":2},"end":{"line":13,"column":3}},"type":"if","locations":[{"start":{"line":10,"column":2},"end":{"line":13,"column":3}},{"start":{"line":10,"column":2},"end":{"line":13,"column":3}}],"line":10},"1":{"loc":{"start":{"line":15,"column":2},"end":{"line":18,"column":3}},"type":"if","locations":[{"start":{"line":15,"column":2},"end":{"line":18,"column":3}},{"start":{"line":15,"column":2},"end":{"line":18,"column":3}}],"line":15}},"s":{"0":1,"1":0,"2":0,"3":0,"4":0,"5":0,"6":0,"7":0,"8":0,"9":0,"10":0,"11":1,"12":0,"13":0,"14":0,"15":0,"16":1},"f":{"0":0,"1":0},"b":{"0":[0,0],"1":[0,0]},"_coverageSchema":"1a1c01bbd47fc00a2c39e90264f33305004495a9","hash":"0e45f3a853b619303f42c776ca7b10f3c45fca00"}
,"/home/noah/dev/v-trim/src/lib/shell.ts": {"path":"/home/noah/dev/v-trim/src/lib/shell.ts","statementMap":{"0":{"start":{"line":8,"column":21},"end":{"line":35,"column":1}},"1":{"start":{"line":9,"column":15},"end":{"line":9,"column":17}},"2":{"start":{"line":10,"column":2},"end":{"line":34,"column":5}},"3":{"start":{"line":11,"column":16},"end":{"line":11,"column":25}},"4":{"start":{"line":13,"column":4},"end":{"line":16,"column":5}},"5":{"start":{"line":14,"column":6},"end":{"line":14,"column":44}},"6":{"start":{"line":15,"column":6},"end":{"line":15,"column":13}},"7":{"start":{"line":18,"column":4},"end":{"line":21,"column":7}},"8":{"start":{"line":19,"column":6},"end":{"line":19,"column":21}},"9":{"start":{"line":20,"column":6},"end":{"line":20,"column":33}},"10":{"start":{"line":23,"column":4},"end":{"line":25,"column":7}},"11":{"start":{"line":24,"column":6},"end":{"line":24,"column":33}},"12":{"start":{"line":27,"column":4},"end":{"line":33,"column":7}},"13":{"start":{"line":28,"column":6},"end":{"line":32,"column":7}},"14":{"start":{"line":29,"column":8},"end":{"line":29,"column":34}},"15":{"start":{"line":31,"column":8},"end":{"line":31,"column":51}}},"fnMap":{"0":{"name":"(anonymous_0)","decl":{"start":{"line":8,"column":21},"end":{"line":8,"column":22}},"loc":{"start":{"line":8,"column":44},"end":{"line":35,"column":1}},"line":8},"1":{"name":"(anonymous_1)","decl":{"start":{"line":10,"column":34},"end":{"line":10,"column":35}},"loc":{"start":{"line":10,"column":55},"end":{"line":34,"column":3}},"line":10},"2":{"name":"(anonymous_2)","decl":{"start":{"line":18,"column":27},"end":{"line":18,"column":28}},"loc":{"start":{"line":18,"column":43},"end":{"line":21,"column":5}},"line":18},"3":{"name":"(anonymous_3)","decl":{"start":{"line":23,"column":27},"end":{"line":23,"column":28}},"loc":{"start":{"line":23,"column":43},"end":{"line":25,"column":5}},"line":23},"4":{"name":"(anonymous_4)","decl":{"start":{"line":27,"column":19},"end":{"line":27,"column":20}},"loc":{"start":{"line":27,"column":29},"end":{"line":33,"column":5}},"line":27}},"branchMap":{"0":{"loc":{"start":{"line":13,"column":4},"end":{"line":16,"column":5}},"type":"if","locations":[{"start":{"line":13,"column":4},"end":{"line":16,"column":5}},{"start":{"line":13,"column":4},"end":{"line":16,"column":5}}],"line":13},"1":{"loc":{"start":{"line":28,"column":6},"end":{"line":32,"column":7}},"type":"if","locations":[{"start":{"line":28,"column":6},"end":{"line":32,"column":7}},{"start":{"line":28,"column":6},"end":{"line":32,"column":7}}],"line":28}},"s":{"0":1,"1":0,"2":0,"3":0,"4":0,"5":0,"6":0,"7":0,"8":0,"9":0,"10":0,"11":0,"12":0,"13":0,"14":0,"15":0},"f":{"0":0,"1":0,"2":0,"3":0,"4":0},"b":{"0":[0,0],"1":[0,0]},"_coverageSchema":"1a1c01bbd47fc00a2c39e90264f33305004495a9","hash":"ebeccd7d01ce05e10dce32051defdf31ffc25275"}
,"/home/noah/dev/v-trim/src/parser/parseNumber.ts": {"path":"/home/noah/dev/v-trim/src/parser/parseNumber.ts","statementMap":{"0":{"start":{"line":3,"column":21},"end":{"line":3,"column":36}},"1":{"start":{"line":4,"column":27},"end":{"line":19,"column":1}},"2":{"start":{"line":5,"column":2},"end":{"line":7,"column":3}},"3":{"start":{"line":6,"column":4},"end":{"line":6,"column":25}},"4":{"start":{"line":9,"column":2},"end":{"line":11,"column":3}},"5":{"start":{"line":10,"column":4},"end":{"line":10,"column":65}},"6":{"start":{"line":13,"column":16},"end":{"line":13,"column":31}},"7":{"start":{"line":14,"column":2},"end":{"line":16,"column":3}},"8":{"start":{"line":15,"column":4},"end":{"line":15,"column":65}},"9":{"start":{"line":18,"column":2},"end":{"line":18,"column":19}}},"fnMap":{"0":{"name":"(anonymous_0)","decl":{"start":{"line":4,"column":27},"end":{"line":4,"column":28}},"loc":{"start":{"line":4,"column":80},"end":{"line":19,"column":1}},"line":4}},"branchMap":{"0":{"loc":{"start":{"line":5,"column":2},"end":{"line":7,"column":3}},"type":"if","locations":[{"start":{"line":5,"column":2},"end":{"line":7,"column":3}},{"start":{"line":5,"column":2},"end":{"line":7,"column":3}}],"line":5},"1":{"loc":{"start":{"line":9,"column":2},"end":{"line":11,"column":3}},"type":"if","locations":[{"start":{"line":9,"column":2},"end":{"line":11,"column":3}},{"start":{"line":9,"column":2},"end":{"line":11,"column":3}}],"line":9},"2":{"loc":{"start":{"line":14,"column":2},"end":{"line":16,"column":3}},"type":"if","locations":[{"start":{"line":14,"column":2},"end":{"line":16,"column":3}},{"start":{"line":14,"column":2},"end":{"line":16,"column":3}}],"line":14}},"s":{"0":5,"1":5,"2":25,"3":8,"4":17,"5":4,"6":13,"7":13,"8":0,"9":13},"f":{"0":25},"b":{"0":[8,17],"1":[4,13],"2":[0,13]},"_coverageSchema":"1a1c01bbd47fc00a2c39e90264f33305004495a9","hash":"e2fde5a1adda8b11bf1295fdde6a16c7dba15016"}
,"/home/noah/dev/v-trim/src/parser/parseRemove.ts": {"path":"/home/noah/dev/v-trim/src/parser/parseRemove.ts","statementMap":{"0":{"start":{"line":6,"column":27},"end":{"line":18,"column":1}},"1":{"start":{"line":7,"column":2},"end":{"line":9,"column":3}},"2":{"start":{"line":8,"column":4},"end":{"line":8,"column":71}},"3":{"start":{"line":10,"column":19},"end":{"line":10,"column":46}},"4":{"start":{"line":11,"column":19},"end":{"line":11,"column":39}},"5":{"start":{"line":13,"column":2},"end":{"line":15,"column":3}},"6":{"start":{"line":14,"column":4},"end":{"line":14,"column":90}},"7":{"start":{"line":17,"column":2},"end":{"line":17,"column":53}}},"fnMap":{"0":{"name":"(anonymous_0)","decl":{"start":{"line":6,"column":27},"end":{"line":6,"column":28}},"loc":{"start":{"line":6,"column":66},"end":{"line":18,"column":1}},"line":6}},"branchMap":{"0":{"loc":{"start":{"line":7,"column":2},"end":{"line":9,"column":3}},"type":"if","locations":[{"start":{"line":7,"column":2},"end":{"line":9,"column":3}},{"start":{"line":7,"column":2},"end":{"line":9,"column":3}}],"line":7},"1":{"loc":{"start":{"line":13,"column":2},"end":{"line":15,"column":3}},"type":"if","locations":[{"start":{"line":13,"column":2},"end":{"line":15,"column":3}},{"start":{"line":13,"column":2},"end":{"line":15,"column":3}}],"line":13}},"s":{"0":1,"1":0,"2":0,"3":0,"4":0,"5":0,"6":0,"7":0},"f":{"0":0},"b":{"0":[0,0],"1":[0,0]},"_coverageSchema":"1a1c01bbd47fc00a2c39e90264f33305004495a9","hash":"385c263c084ca97f88aee8758e3adf242d33cdd4"}
,"/home/noah/dev/v-trim/src/parser/parseSlice.ts": {"path":"/home/noah/dev/v-trim/src/parser/parseSlice.ts","statementMap":{"0":{"start":{"line":6,"column":26},"end":{"line":41,"column":1}},"1":{"start":{"line":7,"column":17},"end":{"line":7,"column":36}},"2":{"start":{"line":9,"column":2},"end":{"line":11,"column":3}},"3":{"start":{"line":10,"column":4},"end":{"line":10,"column":56}},"4":{"start":{"line":13,"column":16},"end":{"line":13,"column":38}},"5":{"start":{"line":15,"column":2},"end":{"line":17,"column":3}},"6":{"start":{"line":16,"column":4},"end":{"line":16,"column":28}},"7":{"start":{"line":19,"column":14},"end":{"line":19,"column":36}},"8":{"start":{"line":21,"column":2},"end":{"line":23,"column":3}},"9":{"start":{"line":22,"column":4},"end":{"line":22,"column":26}},"10":{"start":{"line":25,"column":2},"end":{"line":30,"column":3}},"11":{"start":{"line":26,"column":4},"end":{"line":28,"column":5}},"12":{"start":{"line":27,"column":6},"end":{"line":27,"column":66}},"13":{"start":{"line":29,"column":4},"end":{"line":29,"column":54}},"14":{"start":{"line":32,"column":2},"end":{"line":34,"column":3}},"15":{"start":{"line":33,"column":4},"end":{"line":33,"column":54}},"16":{"start":{"line":36,"column":2},"end":{"line":38,"column":3}},"17":{"start":{"line":37,"column":4},"end":{"line":37,"column":52}},"18":{"start":{"line":40,"column":2},"end":{"line":40,"column":55}}},"fnMap":{"0":{"name":"(anonymous_0)","decl":{"start":{"line":6,"column":26},"end":{"line":6,"column":27}},"loc":{"start":{"line":6,"column":61},"end":{"line":41,"column":1}},"line":6}},"branchMap":{"0":{"loc":{"start":{"line":9,"column":2},"end":{"line":11,"column":3}},"type":"if","locations":[{"start":{"line":9,"column":2},"end":{"line":11,"column":3}},{"start":{"line":9,"column":2},"end":{"line":11,"column":3}}],"line":9},"1":{"loc":{"start":{"line":15,"column":2},"end":{"line":17,"column":3}},"type":"if","locations":[{"start":{"line":15,"column":2},"end":{"line":17,"column":3}},{"start":{"line":15,"column":2},"end":{"line":17,"column":3}}],"line":15},"2":{"loc":{"start":{"line":21,"column":2},"end":{"line":23,"column":3}},"type":"if","locations":[{"start":{"line":21,"column":2},"end":{"line":23,"column":3}},{"start":{"line":21,"column":2},"end":{"line":23,"column":3}}],"line":21},"3":{"loc":{"start":{"line":25,"column":2},"end":{"line":30,"column":3}},"type":"if","locations":[{"start":{"line":25,"column":2},"end":{"line":30,"column":3}},{"start":{"line":25,"column":2},"end":{"line":30,"column":3}}],"line":25},"4":{"loc":{"start":{"line":25,"column":6},"end":{"line":25,"column":30}},"type":"binary-expr","locations":[{"start":{"line":25,"column":6},"end":{"line":25,"column":17}},{"start":{"line":25,"column":21},"end":{"line":25,"column":30}}],"line":25},"5":{"loc":{"start":{"line":26,"column":4},"end":{"line":28,"column":5}},"type":"if","locations":[{"start":{"line":26,"column":4},"end":{"line":28,"column":5}},{"start":{"line":26,"column":4},"end":{"line":28,"column":5}}],"line":26},"6":{"loc":{"start":{"line":32,"column":2},"end":{"line":34,"column":3}},"type":"if","locations":[{"start":{"line":32,"column":2},"end":{"line":34,"column":3}},{"start":{"line":32,"column":2},"end":{"line":34,"column":3}}],"line":32},"7":{"loc":{"start":{"line":32,"column":6},"end":{"line":32,"column":31}},"type":"binary-expr","locations":[{"start":{"line":32,"column":6},"end":{"line":32,"column":17}},{"start":{"line":32,"column":21},"end":{"line":32,"column":31}}],"line":32},"8":{"loc":{"start":{"line":36,"column":2},"end":{"line":38,"column":3}},"type":"if","locations":[{"start":{"line":36,"column":2},"end":{"line":38,"column":3}},{"start":{"line":36,"column":2},"end":{"line":38,"column":3}}],"line":36},"9":{"loc":{"start":{"line":36,"column":6},"end":{"line":36,"column":31}},"type":"binary-expr","locations":[{"start":{"line":36,"column":6},"end":{"line":36,"column":18}},{"start":{"line":36,"column":22},"end":{"line":36,"column":31}}],"line":36}},"s":{"0":4,"1":20,"2":20,"3":7,"4":13,"5":13,"6":4,"7":9,"8":9,"9":0,"10":9,"11":2,"12":1,"13":1,"14":7,"15":1,"16":6,"17":5,"18":1},"f":{"0":20},"b":{"0":[7,13],"1":[4,9],"2":[0,9],"3":[2,7],"4":[9,3],"5":[1,1],"6":[1,6],"7":[7,1],"8":[5,1],"9":[6,6]},"_coverageSchema":"1a1c01bbd47fc00a2c39e90264f33305004495a9","hash":"7199c6eb864b9ca8a5d7d67c2d5218e57f1f070b"}
,"/home/noah/dev/v-trim/src/parser/parseSpeed.ts": {"path":"/home/noah/dev/v-trim/src/parser/parseSpeed.ts","statementMap":{"0":{"start":{"line":7,"column":26},"end":{"line":38,"column":1}},"1":{"start":{"line":8,"column":2},"end":{"line":10,"column":3}},"2":{"start":{"line":9,"column":4},"end":{"line":9,"column":47}},"3":{"start":{"line":11,"column":19},"end":{"line":11,"column":46}},"4":{"start":{"line":12,"column":19},"end":{"line":12,"column":39}},"5":{"start":{"line":14,"column":19},"end":{"line":14,"column":46}},"6":{"start":{"line":15,"column":19},"end":{"line":15,"column":40}},"7":{"start":{"line":17,"column":2},"end":{"line":19,"column":3}},"8":{"start":{"line":18,"column":4},"end":{"line":18,"column":90}},"9":{"start":{"line":21,"column":2},"end":{"line":23,"column":3}},"10":{"start":{"line":22,"column":4},"end":{"line":22,"column":90}},"11":{"start":{"line":25,"column":2},"end":{"line":27,"column":3}},"12":{"start":{"line":26,"column":4},"end":{"line":26,"column":44}},"13":{"start":{"line":29,"column":2},"end":{"line":31,"column":3}},"14":{"start":{"line":30,"column":4},"end":{"line":30,"column":58}},"15":{"start":{"line":33,"column":2},"end":{"line":35,"column":3}},"16":{"start":{"line":34,"column":4},"end":{"line":34,"column":57}},"17":{"start":{"line":37,"column":2},"end":{"line":37,"column":79}}},"fnMap":{"0":{"name":"(anonymous_0)","decl":{"start":{"line":7,"column":26},"end":{"line":7,"column":27}},"loc":{"start":{"line":7,"column":64},"end":{"line":38,"column":1}},"line":7}},"branchMap":{"0":{"loc":{"start":{"line":8,"column":2},"end":{"line":10,"column":3}},"type":"if","locations":[{"start":{"line":8,"column":2},"end":{"line":10,"column":3}},{"start":{"line":8,"column":2},"end":{"line":10,"column":3}}],"line":8},"1":{"loc":{"start":{"line":17,"column":2},"end":{"line":19,"column":3}},"type":"if","locations":[{"start":{"line":17,"column":2},"end":{"line":19,"column":3}},{"start":{"line":17,"column":2},"end":{"line":19,"column":3}}],"line":17},"2":{"loc":{"start":{"line":21,"column":2},"end":{"line":23,"column":3}},"type":"if","locations":[{"start":{"line":21,"column":2},"end":{"line":23,"column":3}},{"start":{"line":21,"column":2},"end":{"line":23,"column":3}}],"line":21},"3":{"loc":{"start":{"line":25,"column":2},"end":{"line":27,"column":3}},"type":"if","locations":[{"start":{"line":25,"column":2},"end":{"line":27,"column":3}},{"start":{"line":25,"column":2},"end":{"line":27,"column":3}}],"line":25},"4":{"loc":{"start":{"line":29,"column":2},"end":{"line":31,"column":3}},"type":"if","locations":[{"start":{"line":29,"column":2},"end":{"line":31,"column":3}},{"start":{"line":29,"column":2},"end":{"line":31,"column":3}}],"line":29},"5":{"loc":{"start":{"line":33,"column":2},"end":{"line":35,"column":3}},"type":"if","locations":[{"start":{"line":33,"column":2},"end":{"line":35,"column":3}},{"start":{"line":33,"column":2},"end":{"line":35,"column":3}}],"line":33}},"s":{"0":1,"1":0,"2":0,"3":0,"4":0,"5":0,"6":0,"7":0,"8":0,"9":0,"10":0,"11":0,"12":0,"13":0,"14":0,"15":0,"16":0,"17":0},"f":{"0":0},"b":{"0":[0,0],"1":[0,0],"2":[0,0],"3":[0,0],"4":[0,0],"5":[0,0]},"_coverageSchema":"1a1c01bbd47fc00a2c39e90264f33305004495a9","hash":"14226cb4789d4a9367605a7117a446c1135f9965"}
,"/home/noah/dev/v-trim/src/parser/parseTrim.ts": {"path":"/home/noah/dev/v-trim/src/parser/parseTrim.ts","statementMap":{"0":{"start":{"line":6,"column":25},"end":{"line":18,"column":1}},"1":{"start":{"line":7,"column":2},"end":{"line":9,"column":3}},"2":{"start":{"line":8,"column":4},"end":{"line":8,"column":71}},"3":{"start":{"line":10,"column":19},"end":{"line":10,"column":46}},"4":{"start":{"line":11,"column":19},"end":{"line":11,"column":39}},"5":{"start":{"line":13,"column":2},"end":{"line":15,"column":3}},"6":{"start":{"line":14,"column":4},"end":{"line":14,"column":89}},"7":{"start":{"line":17,"column":2},"end":{"line":17,"column":55}}},"fnMap":{"0":{"name":"(anonymous_0)","decl":{"start":{"line":6,"column":25},"end":{"line":6,"column":26}},"loc":{"start":{"line":6,"column":62},"end":{"line":18,"column":1}},"line":6}},"branchMap":{"0":{"loc":{"start":{"line":7,"column":2},"end":{"line":9,"column":3}},"type":"if","locations":[{"start":{"line":7,"column":2},"end":{"line":9,"column":3}},{"start":{"line":7,"column":2},"end":{"line":9,"column":3}}],"line":7},"1":{"loc":{"start":{"line":13,"column":2},"end":{"line":15,"column":3}},"type":"if","locations":[{"start":{"line":13,"column":2},"end":{"line":15,"column":3}},{"start":{"line":13,"column":2},"end":{"line":15,"column":3}}],"line":13}},"s":{"0":2,"1":6,"2":2,"3":4,"4":4,"5":4,"6":2,"7":2},"f":{"0":6},"b":{"0":[2,4],"1":[2,2]},"_coverageSchema":"1a1c01bbd47fc00a2c39e90264f33305004495a9","hash":"6990d71d810de456b1c33b74e3ad9c60a63ad786"}
}
