TN:
SF:src/parse.ts
FN:10,(anonymous_0)
FN:18,(anonymous_1)
FN:45,(anonymous_2)
FNF:3
FNH:3
FNDA:7,(anonymous_0)
FNDA:4,(anonymous_1)
FNDA:6,(anonymous_2)
DA:6,1
DA:10,1
DA:11,7
DA:12,7
DA:13,1
DA:16,6
DA:18,6
DA:19,4
DA:21,4
DA:22,4
DA:23,2
DA:24,2
DA:27,4
DA:28,3
DA:31,4
DA:45,1
DA:46,6
DA:47,6
DA:49,6
DA:50,4
DA:51,4
DA:54,3
DA:55,3
DA:56,2
DA:58,1
DA:59,1
DA:62,0
DA:63,0
DA:64,0
DA:66,0
DA:67,0
DA:69,0
DA:70,0
DA:71,0
DA:73,0
DA:74,0
DA:76,1
DA:77,1
DA:79,0
DA:80,0
DA:85,4
LF:41
LH:29
BRDA:12,0,0,1
BRDA:12,0,1,6
BRDA:12,1,0,7
BRDA:12,1,1,6
BRDA:22,2,0,2
BRDA:22,2,1,2
BRDA:22,3,0,4
BRDA:22,3,1,2
BRDA:27,4,0,3
BRDA:27,4,1,1
BRDA:51,5,0,0
BRDA:51,5,1,3
BRDA:51,5,2,0
BRDA:51,5,3,0
BRDA:51,5,4,0
BRDA:51,5,5,1
BRDA:55,6,0,2
BRDA:55,6,1,1
BRDA:63,7,0,0
BRDA:63,7,1,0
BRDA:70,8,0,0
BRDA:70,8,1,0
BRDA:76,9,0,1
BRDA:76,9,1,0
BRF:24
BRH:15
end_of_record
TN:
SF:src/plan.ts
FN:4,(anonymous_0)
FN:38,(anonymous_1)
FN:39,(anonymous_2)
FN:48,(anonymous_3)
FN:49,(anonymous_4)
FN:59,(anonymous_5)
FN:61,(anonymous_6)
FN:64,(anonymous_7)
FN:95,(anonymous_8)
FN:96,(anonymous_9)
FN:99,(anonymous_10)
FN:101,(anonymous_11)
FNF:12
FNH:12
FNDA:4,(anonymous_0)
FNDA:2,(anonymous_1)
FNDA:2,(anonymous_2)
FNDA:3,(anonymous_3)
FNDA:4,(anonymous_4)
FNDA:3,(anonymous_5)
FNDA:4,(anonymous_6)
FNDA:3,(anonymous_7)
FNDA:5,(anonymous_8)
FNDA:6,(anonymous_9)
FNDA:4,(anonymous_10)
FNDA:4,(anonymous_11)
DA:4,1
DA:5,4
DA:6,4
DA:9,4
DA:10,4
DA:11,1
DA:13,3
DA:16,3
DA:19,3
DA:22,3
DA:25,3
DA:26,1
DA:30,2
DA:33,2
DA:35,2
DA:38,1
DA:39,2
DA:40,2
DA:44,2
DA:48,1
DA:49,3
DA:50,4
DA:51,0
DA:53,4
DA:54,0
DA:59,1
DA:61,4
DA:64,1
DA:65,3
DA:67,3
DA:69,3
DA:70,4
DA:72,4
DA:74,3
DA:78,3
DA:81,4
DA:85,3
DA:86,2
DA:92,3
DA:95,1
DA:96,6
DA:99,1
DA:100,4
DA:101,4
DA:102,4
DA:104,1
DA:112,1
DA:114,1
DA:121,1
DA:123,1
DA:128,1
DA:135,1
DA:142,1
DA:145,1
DA:149,3
DA:151,1
LF:56
LH:54
BRDA:10,0,0,1
BRDA:10,0,1,3
BRDA:25,1,0,1
BRDA:25,1,1,2
BRDA:50,2,0,0
BRDA:50,2,1,4
BRDA:53,3,0,0
BRDA:53,3,1,4
BRDA:72,4,0,3
BRDA:72,4,1,1
BRDA:85,5,0,2
BRDA:85,5,1,1
BRDA:102,6,0,1
BRDA:102,6,1,1
BRDA:102,6,2,1
BRDA:102,6,3,1
BRDA:107,7,0,1
BRDA:107,7,1,0
BRDA:108,8,0,1
BRDA:108,8,1,0
BRDA:117,9,0,1
BRDA:117,9,1,0
BRDA:118,10,0,1
BRDA:118,10,1,0
BRDA:124,11,0,1
BRDA:124,11,1,0
BRDA:125,12,0,1
BRDA:125,12,1,0
BRF:28
BRH:20
end_of_record
TN:
SF:src/lib/probe.ts
FN:4,(anonymous_0)
FN:23,(anonymous_1)
FNF:2
FNH:0
FNDA:0,(anonymous_0)
FNDA:0,(anonymous_1)
DA:4,1
DA:5,0
DA:7,0
DA:8,0
DA:10,0
DA:11,0
DA:12,0
DA:15,0
DA:16,0
DA:17,0
DA:20,0
DA:23,1
DA:24,0
DA:26,0
DA:27,0
DA:29,0
DA:32,1
LF:17
LH:3
BRDA:10,0,0,0
BRDA:10,0,1,0
BRDA:15,1,0,0
BRDA:15,1,1,0
BRF:4
BRH:0
end_of_record
TN:
SF:src/lib/shell.ts
FN:8,(anonymous_0)
FN:10,(anonymous_1)
FN:18,(anonymous_2)
FN:23,(anonymous_3)
FN:27,(anonymous_4)
FNF:5
FNH:0
FNDA:0,(anonymous_0)
FNDA:0,(anonymous_1)
FNDA:0,(anonymous_2)
FNDA:0,(anonymous_3)
FNDA:0,(anonymous_4)
DA:8,1
DA:9,0
DA:10,0
DA:11,0
DA:13,0
DA:14,0
DA:15,0
DA:18,0
DA:19,0
DA:20,0
DA:23,0
DA:24,0
DA:27,0
DA:28,0
DA:29,0
DA:31,0
LF:16
LH:1
BRDA:13,0,0,0
BRDA:13,0,1,0
BRDA:28,1,0,0
BRDA:28,1,1,0
BRF:4
BRH:0
end_of_record
TN:
SF:src/parser/parseNumber.ts
FN:4,(anonymous_0)
FNF:1
FNH:1
FNDA:25,(anonymous_0)
DA:3,5
DA:4,5
DA:5,25
DA:6,8
DA:9,17
DA:10,4
DA:13,13
DA:14,13
DA:15,0
DA:18,13
LF:10
LH:9
BRDA:5,0,0,8
BRDA:5,0,1,17
BRDA:9,1,0,4
BRDA:9,1,1,13
BRDA:14,2,0,0
BRDA:14,2,1,13
BRF:6
BRH:5
end_of_record
TN:
SF:src/parser/parseRemove.ts
FN:6,(anonymous_0)
FNF:1
FNH:0
FNDA:0,(anonymous_0)
DA:6,1
DA:7,0
DA:8,0
DA:10,0
DA:11,0
DA:13,0
DA:14,0
DA:17,0
LF:8
LH:1
BRDA:7,0,0,0
BRDA:7,0,1,0
BRDA:13,1,0,0
BRDA:13,1,1,0
BRF:4
BRH:0
end_of_record
TN:
SF:src/parser/parseSlice.ts
FN:6,(anonymous_0)
FNF:1
FNH:1
FNDA:20,(anonymous_0)
DA:6,4
DA:7,20
DA:9,20
DA:10,7
DA:13,13
DA:15,13
DA:16,4
DA:19,9
DA:21,9
DA:22,0
DA:25,9
DA:26,2
DA:27,1
DA:29,1
DA:32,7
DA:33,1
DA:36,6
DA:37,5
DA:40,1
LF:19
LH:18
BRDA:9,0,0,7
BRDA:9,0,1,13
BRDA:15,1,0,4
BRDA:15,1,1,9
BRDA:21,2,0,0
BRDA:21,2,1,9
BRDA:25,3,0,2
BRDA:25,3,1,7
BRDA:25,4,0,9
BRDA:25,4,1,3
BRDA:26,5,0,1
BRDA:26,5,1,1
BRDA:32,6,0,1
BRDA:32,6,1,6
BRDA:32,7,0,7
BRDA:32,7,1,1
BRDA:36,8,0,5
BRDA:36,8,1,1
BRDA:36,9,0,6
BRDA:36,9,1,6
BRF:20
BRH:19
end_of_record
TN:
SF:src/parser/parseSpeed.ts
FN:7,(anonymous_0)
FNF:1
FNH:0
FNDA:0,(anonymous_0)
DA:7,1
DA:8,0
DA:9,0
DA:11,0
DA:12,0
DA:14,0
DA:15,0
DA:17,0
DA:18,0
DA:21,0
DA:22,0
DA:25,0
DA:26,0
DA:29,0
DA:30,0
DA:33,0
DA:34,0
DA:37,0
LF:18
LH:1
BRDA:8,0,0,0
BRDA:8,0,1,0
BRDA:17,1,0,0
BRDA:17,1,1,0
BRDA:21,2,0,0
BRDA:21,2,1,0
BRDA:25,3,0,0
BRDA:25,3,1,0
BRDA:29,4,0,0
BRDA:29,4,1,0
BRDA:33,5,0,0
BRDA:33,5,1,0
BRF:12
BRH:0
end_of_record
TN:
SF:src/parser/parseTrim.ts
FN:6,(anonymous_0)
FNF:1
FNH:1
FNDA:6,(anonymous_0)
DA:6,2
DA:7,6
DA:8,2
DA:10,4
DA:11,4
DA:13,4
DA:14,2
DA:17,2
LF:8
LH:8
BRDA:7,0,0,2
BRDA:7,0,1,4
BRDA:13,1,0,2
BRDA:13,1,1,2
BRF:4
BRH:4
end_of_record
